[2024-04-28 00:00:51] INFO root fetch - main [MainThread]: Get Changelog since Serial: [22962274]
[2024-04-28 00:00:55] INFO root fetch - main [MainThread]: Found 2 changed packages
[2024-04-28 00:00:55] INFO root fetch - processPackages [ThreadPoolExecutor-0_0]: Start processing: kubernator
[2024-04-28 00:00:55] INFO root fetch - processPackages [ThreadPoolExecutor-0_1]: Start processing: python-iArt
[2024-04-28 00:00:55] INFO root fetch - processPackages [kubernator]: New version: [1.0.9] Old Version: [1.0.8]
[2024-04-28 00:00:55] INFO root fetch - processPackages [kubernator]: Downloading https://files.pythonhosted.org/packages/2c/46/9af0e05ad02b9449b49e892c43d69397745d0fab42e776b482f7c5b0d4fb/kubernator-1.0.8.tar.gz
[2024-04-28 00:00:55] INFO root fetch - processPackages [python-iArt]: New version: [1.0.4] Old Version: [1.0.3]
[2024-04-28 00:00:56] INFO root fetch - processPackages [python-iArt]: Downloading https://files.pythonhosted.org/packages/f9/13/3c7bc42c255c34cb1e570846e05c882b2ea5e61d7b9f36aa6d8590900a4e/python-iArt-1.0.3.tar.gz
[2024-04-28 00:00:56] INFO root fetch - processPackages [kubernator]: Downloading https://files.pythonhosted.org/packages/3d/3a/f4fc92df915f81b62593a43db2e8d608735d2df1672fc2c1ffceecb45870/kubernator-1.0.9.tar.gz
[2024-04-28 00:00:56] INFO root fetch - processPackages [kubernator]: executing diffoscope
[2024-04-28 00:00:56] INFO root fetch - processPackages [kubernator]: podman run --user 0:0 --rm -w /home/abi/fetcher -v /home/abi/fetcher/tmp:/home/abi/fetcher/tmp:ro -v /home/abi/fetcher/20240428:/home/abi/fetcher/20240428:rw registry.salsa.debian.org/reproducible-builds/diffoscope --no-progress tmp/kubernator-1.0.8.tar.gz tmp/kubernator-1.0.9.tar.gz --markdown 20240428/k/kubernator/1.0.8-1.0.9/README.md --exclude *.pyd
[2024-04-28 00:00:56] INFO root fetch - processPackages [python-iArt]: Downloading https://files.pythonhosted.org/packages/40/ee/309e308ed68bb75984d01ccd5c313b1808a986d85bce615bb56f38f76a17/python-iArt-1.0.4.tar.gz
[2024-04-28 00:00:56] INFO root fetch - processPackages [python-iArt]: executing diffoscope
[2024-04-28 00:00:56] INFO root fetch - processPackages [python-iArt]: podman run --user 0:0 --rm -w /home/abi/fetcher -v /home/abi/fetcher/tmp:/home/abi/fetcher/tmp:ro -v /home/abi/fetcher/20240428:/home/abi/fetcher/20240428:rw registry.salsa.debian.org/reproducible-builds/diffoscope --no-progress tmp/python-iArt-1.0.3.tar.gz tmp/python-iArt-1.0.4.tar.gz --markdown 20240428/p/python-iArt/1.0.3-1.0.4/README.md --exclude *.pyd
[2024-04-28 00:00:57] INFO root fetch - processPackages [kubernator]: Remove: archive file [/home/abi/fetcher/tmp/kubernator-1.0.8.tar.gz]
[2024-04-28 00:00:57] INFO root fetch - processPackages [kubernator]: Remove: archive file [/home/abi/fetcher/tmp/kubernator-1.0.9.tar.gz]
[2024-04-28 00:00:57] INFO root fetch - main [MainThread]: End processing [kubernator]: success
[2024-04-28 00:00:57] INFO root fetch - processPackages [python-iArt]: Remove: archive file [/home/abi/fetcher/tmp/python-iArt-1.0.3.tar.gz]
[2024-04-28 00:00:57] INFO root fetch - processPackages [python-iArt]: Remove: archive file [/home/abi/fetcher/tmp/python-iArt-1.0.4.tar.gz]
[2024-04-28 00:00:57] INFO root fetch - main [MainThread]: End processing [python-iArt]: success
[2024-04-28 00:00:57] INFO root fetch - main [MainThread]: Store serial: [22962280]
[2024-04-28 00:03:00] INFO root fetch - main [MainThread]: Get Changelog since Serial: [22962280]
[2024-04-28 00:03:05] INFO root fetch - main [MainThread]: Found 2 changed packages
[2024-04-28 00:03:05] INFO root fetch - processPackages [ThreadPoolExecutor-0_0]: Start processing: jupyterlab-athena-analytics
[2024-04-28 00:03:05] INFO root fetch - processPackages [ThreadPoolExecutor-0_1]: Start processing: pysparkify
[2024-04-28 00:03:06] INFO root fetch - processPackages [pysparkify]: New version: [0.24.0] Old Version: [0.23]
[2024-04-28 00:03:06] INFO root fetch - processPackages [jupyterlab-athena-analytics]: New version: [0.5.0] Old Version: [0.4.2]
[2024-04-28 00:03:06] INFO root fetch - processPackages [jupyterlab-athena-analytics]: Downloading https://files.pythonhosted.org/packages/87/f9/b833fc292b88426b9781d5e6a8a442289aa6491772876e4537da3df88db8/jupyterlab_athena_analytics-0.4.2.tar.gz
[2024-04-28 00:03:06] INFO root fetch - processPackages [pysparkify]: Downloading https://files.pythonhosted.org/packages/3a/e6/11788f3811c478b2ec5949a00f19c2d453a98e91f767227fe35d8f019a40/pysparkify-0.23.tar.gz
[2024-04-28 00:03:06] INFO root fetch - processPackages [jupyterlab-athena-analytics]: Downloading https://files.pythonhosted.org/packages/16/53/e73da1839db455a2dfb9f30169f7ad17cb1be0a0a4bebbb8b4e94072694b/jupyterlab_athena_analytics-0.5.0.tar.gz
[2024-04-28 00:03:06] INFO root fetch - processPackages [pysparkify]: Downloading https://files.pythonhosted.org/packages/a8/30/e843177ed621bb4a2176b1b120b8041194771ccd3e2fbbf95975451225c9/pysparkify-0.24.0.tar.gz
[2024-04-28 00:03:06] INFO root fetch - processPackages [jupyterlab-athena-analytics]: executing diffoscope
[2024-04-28 00:03:06] INFO root fetch - processPackages [jupyterlab-athena-analytics]: podman run --user 0:0 --rm -w /home/abi/fetcher -v /home/abi/fetcher/tmp:/home/abi/fetcher/tmp:ro -v /home/abi/fetcher/20240428:/home/abi/fetcher/20240428:rw registry.salsa.debian.org/reproducible-builds/diffoscope --no-progress tmp/jupyterlab_athena_analytics-0.4.2.tar.gz tmp/jupyterlab_athena_analytics-0.5.0.tar.gz --markdown 20240428/j/jupyterlab-athena-analytics/0.4.2-0.5.0/README.md --exclude *.pyd
[2024-04-28 00:03:06] INFO root fetch - processPackages [pysparkify]: executing diffoscope
[2024-04-28 00:03:06] INFO root fetch - processPackages [pysparkify]: podman run --user 0:0 --rm -w /home/abi/fetcher -v /home/abi/fetcher/tmp:/home/abi/fetcher/tmp:ro -v /home/abi/fetcher/20240428:/home/abi/fetcher/20240428:rw registry.salsa.debian.org/reproducible-builds/diffoscope --no-progress tmp/pysparkify-0.23.tar.gz tmp/pysparkify-0.24.0.tar.gz --markdown 20240428/p/pysparkify/0.23-0.24.0/README.md --exclude *.pyd
[2024-04-28 00:03:07] INFO root fetch - processPackages [pysparkify]: Remove: archive file [/home/abi/fetcher/tmp/pysparkify-0.23.tar.gz]
[2024-04-28 00:03:07] INFO root fetch - processPackages [pysparkify]: Remove: archive file [/home/abi/fetcher/tmp/pysparkify-0.24.0.tar.gz]
[2024-04-28 00:03:07] INFO root fetch - main [MainThread]: End processing [pysparkify]: success
[2024-04-28 00:03:07] INFO root fetch - processPackages [jupyterlab-athena-analytics]: Remove: archive file [/home/abi/fetcher/tmp/jupyterlab_athena_analytics-0.4.2.tar.gz]
[2024-04-28 00:03:07] INFO root fetch - processPackages [jupyterlab-athena-analytics]: Remove: archive file [/home/abi/fetcher/tmp/jupyterlab_athena_analytics-0.5.0.tar.gz]
[2024-04-28 00:03:07] INFO root fetch - main [MainThread]: End processing [jupyterlab-athena-analytics]: success
[2024-04-28 00:03:07] INFO root fetch - main [MainThread]: Store serial: [22962286]
